<<<<<<< HEAD
﻿生成启动时间为 2018/1/20 15:10:09。
     1>项目“E:\Github Projects\CEF3\CefMfcDemo\CefMfcDemo.vcxproj”在节点 2 上(Build 个目标)。
=======
﻿生成启动时间为 2017/12/18 16:11:51。
     1>项目“E:\github\CEF3\CefMfcDemo\CefMfcDemo.vcxproj”在节点 2 上(Rebuild 个目标)。
>>>>>>> 878e78455ad39e9b4436a51d7a6cd7a64c43d1d6
     1>ClCompile:
         D:\Visual Studio\VC\bin\CL.exe /c /Zi /nologo /W3 /WX- /O2 /Oi /Oy- /GL /D WIN32 /D _WINDOWS /D NDEBUG /D _UNICODE /D UNICODE /Gm- /EHsc /MT /GS /Gy /fp:precise /Zc:wchar_t /Zc:forScope /Fo"Release\\" /Fd"Release\vc120.pdb" /Gd /TP /analyze- /errorReport:prompt CefMfcDemoDlg.cpp SimpleClient.cpp
         CefMfcDemoDlg.cpp
         SimpleClient.cpp
       Link:
         D:\Visual Studio\VC\bin\link.exe /ERRORREPORT:PROMPT /OUT:"E:\Github Projects\CEF3\Release\CefMfcDemo.exe" /INCREMENTAL:NO /NOLOGO libcef.lib libcef_dll_wrapper.lib /MANIFEST /MANIFESTUAC:"level='asInvoker' uiAccess='false'" /manifest:embed /manifestinput:"D:\Visual Studio\VC\Include\Manifest\dpiaware.manifest" /DEBUG /PDB:"E:\Github Projects\CEF3\Release\CefMfcDemo.pdb" /SUBSYSTEM:WINDOWS /OPT:REF /OPT:ICF /LTCG /TLBID:1 /ENTRY:"wWinMainCRTStartup" /DYNAMICBASE /NXCOMPAT /IMPLIB:"E:\Github Projects\CEF3\Release\CefMfcDemo.lib" /MACHINE:X86 /SAFESEH Release\CefMfcDemo.res
         Release\CefMfcDemo.obj
         Release\CefMfcDemoDlg.obj
         Release\CEFV8HandlerEx.obj
         Release\ClientAppRender.obj
         Release\SimpleClient.obj
         Release\stdafx.obj
         正在生成代码
         已完成代码的生成
         CefMfcDemo.vcxproj -> E:\Github Projects\CEF3\Release\CefMfcDemo.exe
     1>已完成生成项目“E:\Github Projects\CEF3\CefMfcDemo\CefMfcDemo.vcxproj”(Build 个目标)的操作。

生成成功。

<<<<<<< HEAD
已用时间 00:00:07.89
=======
已用时间 00:00:10.42
>>>>>>> 878e78455ad39e9b4436a51d7a6cd7a64c43d1d6
