生成启动时间为 2018/4/3 23:29:32。
     1>项目“E:\Visual Studio Projects\盒子相关代码以及打包\CefMfcDemo\CefMfcDemo\CefMfcDemo.vcxproj”在节点 2 上(Build 个目标)。
     1>ClCompile:
         D:\Visual Studio\VC\bin\CL.exe /c /Zi /nologo /W3 /WX- /O2 /Oi /Oy- /GL /D WIN32 /D _WINDOWS /D NDEBUG /D _UNICODE /D UNICODE /Gm- /EHsc /MT /GS /Gy /fp:precise /Zc:wchar_t /Zc:forScope /Fo"Release\\" /Fd"Release\vc120.pdb" /Gd /TP /analyze- /errorReport:prompt CefMfcDemoDlg.cpp
         CefMfcDemoDlg.cpp
       Link:
         D:\Visual Studio\VC\bin\link.exe /ERRORREPORT:PROMPT /OUT:"E:\Visual Studio Projects\盒子相关代码以及打包\CefMfcDemo\Release\CefMfcDemo.exe" /INCREMENTAL:NO /NOLOGO libcef.lib libcef_dll_wrapper.lib /MANIFEST /MANIFESTUAC:"level='asInvoker' uiAccess='false'" /manifest:embed /manifestinput:"D:\Visual Studio\VC\Include\Manifest\dpiaware.manifest" /DEBUG /PDB:"E:\Visual Studio Projects\盒子相关代码以及打包\CefMfcDemo\Release\CefMfcDemo.pdb" /SUBSYSTEM:WINDOWS /OPT:REF /OPT:ICF /LTCG /TLBID:1 /ENTRY:"wWinMainCRTStartup" /DYNAMICBASE /NXCOMPAT /IMPLIB:"E:\Visual Studio Projects\盒子相关代码以及打包\CefMfcDemo\Release\CefMfcDemo.lib" /MACHINE:X86 /SAFESEH Release\CefMfcDemo.res
         Release\CefMfcDemo.obj
         Release\CefMfcDemoDlg.obj
         Release\SimpleClient.obj
         Release\stdafx.obj
            正在创建库 E:\Visual Studio Projects\盒子相关代码以及打包\CefMfcDemo\Release\CefMfcDemo.lib 和对象 E:\Visual Studio Projects\盒子相关代码以及打包\CefMfcDemo\Release\CefMfcDemo.exp
         正在生成代码
         已完成代码的生成
     1>cef_sandbox.lib(base.windows_version.obj) : warning LNK4099: 未找到 PDB“base.cc.pdb”(使用“cef_sandbox.lib(base.windows_version.obj)”或在“E:\Visual Studio Projects\盒子相关代码以及打包\CefMfcDemo\Release\base.cc.pdb”中寻找)；正在链接对象，如同没有调试信息一样
     1>cef_sandbox.lib(base.utf_string_conversions.obj) : warning LNK4099: 未找到 PDB“base.cc.pdb”(使用“cef_sandbox.lib(base.utf_string_conversions.obj)”或在“E:\Visual Studio Projects\盒子相关代码以及打包\CefMfcDemo\Release\base.cc.pdb”中寻找)；正在链接对象，如同没有调试信息一样
     1>cef_sandbox.lib(base.registry.obj) : warning LNK4099: 未找到 PDB“base.cc.pdb”(使用“cef_sandbox.lib(base.registry.obj)”或在“E:\Visual Studio Projects\盒子相关代码以及打包\CefMfcDemo\Release\base.cc.pdb”中寻找)；正在链接对象，如同没有调试信息一样
     1>cef_sandbox.lib(base.logging.obj) : warning LNK4099: 未找到 PDB“base.cc.pdb”(使用“cef_sandbox.lib(base.logging.obj)”或在“E:\Visual Studio Projects\盒子相关代码以及打包\CefMfcDemo\Release\base.cc.pdb”中寻找)；正在链接对象，如同没有调试信息一样
     1>cef_sandbox.lib(base.location.obj) : warning LNK4099: 未找到 PDB“base.cc.pdb”(使用“cef_sandbox.lib(base.location.obj)”或在“E:\Visual Studio Projects\盒子相关代码以及打包\CefMfcDemo\Release\base.cc.pdb”中寻找)；正在链接对象，如同没有调试信息一样
     1>cef_sandbox.lib(base.scoped_handle.obj) : warning LNK4099: 未找到 PDB“base.cc.pdb”(使用“cef_sandbox.lib(base.scoped_handle.obj)”或在“E:\Visual Studio Projects\盒子相关代码以及打包\CefMfcDemo\Release\base.cc.pdb”中寻找)；正在链接对象，如同没有调试信息一样
     1>cef_sandbox.lib(base_static.pe_image.obj) : warning LNK4099: 未找到 PDB“base_static.cc.pdb”(使用“cef_sandbox.lib(base_static.pe_image.obj)”或在“E:\Visual Studio Projects\盒子相关代码以及打包\CefMfcDemo\Release\base_static.cc.pdb”中寻找)；正在链接对象，如同没有调试信息一样
     1>cef_sandbox.lib(base.debugger_win.obj) : warning LNK4099: 未找到 PDB“base.cc.pdb”(使用“cef_sandbox.lib(base.debugger_win.obj)”或在“E:\Visual Studio Projects\盒子相关代码以及打包\CefMfcDemo\Release\base.cc.pdb”中寻找)；正在链接对象，如同没有调试信息一样
     1>cef_sandbox.lib(base.platform_thread_win.obj) : warning LNK4099: 未找到 PDB“base.cc.pdb”(使用“cef_sandbox.lib(base.platform_thread_win.obj)”或在“E:\Visual Studio Projects\盒子相关代码以及打包\CefMfcDemo\Release\base.cc.pdb”中寻找)；正在链接对象，如同没有调试信息一样
     1>cef_sandbox.lib(base.scoped_process_information.obj) : warning LNK4099: 未找到 PDB“base.cc.pdb”(使用“cef_sandbox.lib(base.scoped_process_information.obj)”或在“E:\Visual Studio Projects\盒子相关代码以及打包\CefMfcDemo\Release\base.cc.pdb”中寻找)；正在链接对象，如同没有调试信息一样
     1>cef_sandbox.lib(base.startup_information.obj) : warning LNK4099: 未找到 PDB“base.cc.pdb”(使用“cef_sandbox.lib(base.startup_information.obj)”或在“E:\Visual Studio Projects\盒子相关代码以及打包\CefMfcDemo\Release\base.cc.pdb”中寻找)；正在链接对象，如同没有调试信息一样
     1>cef_sandbox.lib(base.string_piece.obj) : warning LNK4099: 未找到 PDB“base.cc.pdb”(使用“cef_sandbox.lib(base.string_piece.obj)”或在“E:\Visual Studio Projects\盒子相关代码以及打包\CefMfcDemo\Release\base.cc.pdb”中寻找)；正在链接对象，如同没有调试信息一样
     1>cef_sandbox.lib(base.utf_string_conversion_utils.obj) : warning LNK4099: 未找到 PDB“base.cc.pdb”(使用“cef_sandbox.lib(base.utf_string_conversion_utils.obj)”或在“E:\Visual Studio Projects\盒子相关代码以及打包\CefMfcDemo\Release\base.cc.pdb”中寻找)；正在链接对象，如同没有调试信息一样
     1>cef_sandbox.lib(base.string_util.obj) : warning LNK4099: 未找到 PDB“base.cc.pdb”(使用“cef_sandbox.lib(base.string_util.obj)”或在“E:\Visual Studio Projects\盒子相关代码以及打包\CefMfcDemo\Release\base.cc.pdb”中寻找)；正在链接对象，如同没有调试信息一样
     1>cef_sandbox.lib(base.callback_internal.obj) : warning LNK4099: 未找到 PDB“base.cc.pdb”(使用“cef_sandbox.lib(base.callback_internal.obj)”或在“E:\Visual Studio Projects\盒子相关代码以及打包\CefMfcDemo\Release\base.cc.pdb”中寻找)；正在链接对象，如同没有调试信息一样
     1>cef_sandbox.lib(base.object_watcher.obj) : warning LNK4099: 未找到 PDB“base.cc.pdb”(使用“cef_sandbox.lib(base.object_watcher.obj)”或在“E:\Visual Studio Projects\盒子相关代码以及打包\CefMfcDemo\Release\base.cc.pdb”中寻找)；正在链接对象，如同没有调试信息一样
     1>cef_sandbox.lib(base.stringprintf.obj) : warning LNK4099: 未找到 PDB“base.cc.pdb”(使用“cef_sandbox.lib(base.stringprintf.obj)”或在“E:\Visual Studio Projects\盒子相关代码以及打包\CefMfcDemo\Release\base.cc.pdb”中寻找)；正在链接对象，如同没有调试信息一样
     1>cef_sandbox.lib(base.file_util_win.obj) : warning LNK4099: 未找到 PDB“base.cc.pdb”(使用“cef_sandbox.lib(base.file_util_win.obj)”或在“E:\Visual Studio Projects\盒子相关代码以及打包\CefMfcDemo\Release\base.cc.pdb”中寻找)；正在链接对象，如同没有调试信息一样
     1>cef_sandbox.lib(base.command_line.obj) : warning LNK4099: 未找到 PDB“base.cc.pdb”(使用“cef_sandbox.lib(base.command_line.obj)”或在“E:\Visual Studio Projects\盒子相关代码以及打包\CefMfcDemo\Release\base.cc.pdb”中寻找)；正在链接对象，如同没有调试信息一样
     1>cef_sandbox.lib(base.file_path.obj) : warning LNK4099: 未找到 PDB“base.cc.pdb”(使用“cef_sandbox.lib(base.file_path.obj)”或在“E:\Visual Studio Projects\盒子相关代码以及打包\CefMfcDemo\Release\base.cc.pdb”中寻找)；正在链接对象，如同没有调试信息一样
     1>cef_sandbox.lib(base.alias.obj) : warning LNK4099: 未找到 PDB“base.cc.pdb”(使用“cef_sandbox.lib(base.alias.obj)”或在“E:\Visual Studio Projects\盒子相关代码以及打包\CefMfcDemo\Release\base.cc.pdb”中寻找)；正在链接对象，如同没有调试信息一样
     1>cef_sandbox.lib(base.vlog.obj) : warning LNK4099: 未找到 PDB“base.cc.pdb”(使用“cef_sandbox.lib(base.vlog.obj)”或在“E:\Visual Studio Projects\盒子相关代码以及打包\CefMfcDemo\Release\base.cc.pdb”中寻找)；正在链接对象，如同没有调试信息一样
     1>cef_sandbox.lib(base_static.base_switches.obj) : warning LNK4099: 未找到 PDB“base_static.cc.pdb”(使用“cef_sandbox.lib(base_static.base_switches.obj)”或在“E:\Visual Studio Projects\盒子相关代码以及打包\CefMfcDemo\Release\base_static.cc.pdb”中寻找)；正在链接对象，如同没有调试信息一样
     1>cef_sandbox.lib(base.string_number_conversions.obj) : warning LNK4099: 未找到 PDB“base.cc.pdb”(使用“cef_sandbox.lib(base.string_number_conversions.obj)”或在“E:\Visual Studio Projects\盒子相关代码以及打包\CefMfcDemo\Release\base.cc.pdb”中寻找)；正在链接对象，如同没有调试信息一样
     1>cef_sandbox.lib(base.hash.obj) : warning LNK4099: 未找到 PDB“base.cc.pdb”(使用“cef_sandbox.lib(base.hash.obj)”或在“E:\Visual Studio Projects\盒子相关代码以及打包\CefMfcDemo\Release\base.cc.pdb”中寻找)；正在链接对象，如同没有调试信息一样
     1>cef_sandbox.lib(base.lazy_instance.obj) : warning LNK4099: 未找到 PDB“base.cc.pdb”(使用“cef_sandbox.lib(base.lazy_instance.obj)”或在“E:\Visual Studio Projects\盒子相关代码以及打包\CefMfcDemo\Release\base.cc.pdb”中寻找)；正在链接对象，如同没有调试信息一样
     1>cef_sandbox.lib(base.lock_impl_win.obj) : warning LNK4099: 未找到 PDB“base.cc.pdb”(使用“cef_sandbox.lib(base.lock_impl_win.obj)”或在“E:\Visual Studio Projects\盒子相关代码以及打包\CefMfcDemo\Release\base.cc.pdb”中寻找)；正在链接对象，如同没有调试信息一样
     1>cef_sandbox.lib(base.debugger.obj) : warning LNK4099: 未找到 PDB“base.cc.pdb”(使用“cef_sandbox.lib(base.debugger.obj)”或在“E:\Visual Studio Projects\盒子相关代码以及打包\CefMfcDemo\Release\base.cc.pdb”中寻找)；正在链接对象，如同没有调试信息一样
     1>cef_sandbox.lib(base.tracked_objects.obj) : warning LNK4099: 未找到 PDB“base.cc.pdb”(使用“cef_sandbox.lib(base.tracked_objects.obj)”或在“E:\Visual Studio Projects\盒子相关代码以及打包\CefMfcDemo\Release\base.cc.pdb”中寻找)；正在链接对象，如同没有调试信息一样
     1>cef_sandbox.lib(base.time.obj) : warning LNK4099: 未找到 PDB“base.cc.pdb”(使用“cef_sandbox.lib(base.time.obj)”或在“E:\Visual Studio Projects\盒子相关代码以及打包\CefMfcDemo\Release\base.cc.pdb”中寻找)；正在链接对象，如同没有调试信息一样
     1>cef_sandbox.lib(base.thread_id_name_manager.obj) : warning LNK4099: 未找到 PDB“base.cc.pdb”(使用“cef_sandbox.lib(base.thread_id_name_manager.obj)”或在“E:\Visual Studio Projects\盒子相关代码以及打包\CefMfcDemo\Release\base.cc.pdb”中寻找)；正在链接对象，如同没有调试信息一样
     1>cef_sandbox.lib(base.time_win.obj) : warning LNK4099: 未找到 PDB“base.cc.pdb”(使用“cef_sandbox.lib(base.time_win.obj)”或在“E:\Visual Studio Projects\盒子相关代码以及打包\CefMfcDemo\Release\base.cc.pdb”中寻找)；正在链接对象，如同没有调试信息一样
     1>cef_sandbox.lib(base.profiler.obj) : warning LNK4099: 未找到 PDB“base.cc.pdb”(使用“cef_sandbox.lib(base.profiler.obj)”或在“E:\Visual Studio Projects\盒子相关代码以及打包\CefMfcDemo\Release\base.cc.pdb”中寻找)；正在链接对象，如同没有调试信息一样
     1>cef_sandbox.lib(base.icu_utf.obj) : warning LNK4099: 未找到 PDB“base.cc.pdb”(使用“cef_sandbox.lib(base.icu_utf.obj)”或在“E:\Visual Studio Projects\盒子相关代码以及打包\CefMfcDemo\Release\base.cc.pdb”中寻找)；正在链接对象，如同没有调试信息一样
     1>cef_sandbox.lib(base.string_util_constants.obj) : warning LNK4099: 未找到 PDB“base.cc.pdb”(使用“cef_sandbox.lib(base.string_util_constants.obj)”或在“E:\Visual Studio Projects\盒子相关代码以及打包\CefMfcDemo\Release\base.cc.pdb”中寻找)；正在链接对象，如同没有调试信息一样
     1>cef_sandbox.lib(base.singleton.obj) : warning LNK4099: 未找到 PDB“base.cc.pdb”(使用“cef_sandbox.lib(base.singleton.obj)”或在“E:\Visual Studio Projects\盒子相关代码以及打包\CefMfcDemo\Release\base.cc.pdb”中寻找)；正在链接对象，如同没有调试信息一样
     1>cef_sandbox.lib(base.at_exit.obj) : warning LNK4099: 未找到 PDB“base.cc.pdb”(使用“cef_sandbox.lib(base.at_exit.obj)”或在“E:\Visual Studio Projects\盒子相关代码以及打包\CefMfcDemo\Release\base.cc.pdb”中寻找)；正在链接对象，如同没有调试信息一样
     1>cef_sandbox.lib(base.ref_counted.obj) : warning LNK4099: 未找到 PDB“base.cc.pdb”(使用“cef_sandbox.lib(base.ref_counted.obj)”或在“E:\Visual Studio Projects\盒子相关代码以及打包\CefMfcDemo\Release\base.cc.pdb”中寻找)；正在链接对象，如同没有调试信息一样
     1>cef_sandbox.lib(base.task_runner.obj) : warning LNK4099: 未找到 PDB“base.cc.pdb”(使用“cef_sandbox.lib(base.task_runner.obj)”或在“E:\Visual Studio Projects\盒子相关代码以及打包\CefMfcDemo\Release\base.cc.pdb”中寻找)；正在链接对象，如同没有调试信息一样
     1>cef_sandbox.lib(base.weak_ptr.obj) : warning LNK4099: 未找到 PDB“base.cc.pdb”(使用“cef_sandbox.lib(base.weak_ptr.obj)”或在“E:\Visual Studio Projects\盒子相关代码以及打包\CefMfcDemo\Release\base.cc.pdb”中寻找)；正在链接对象，如同没有调试信息一样
     1>cef_sandbox.lib(base.message_loop.obj) : warning LNK4099: 未找到 PDB“base.cc.pdb”(使用“cef_sandbox.lib(base.message_loop.obj)”或在“E:\Visual Studio Projects\盒子相关代码以及打包\CefMfcDemo\Release\base.cc.pdb”中寻找)；正在链接对象，如同没有调试信息一样
     1>cef_sandbox.lib(base.file_enumerator_win.obj) : warning LNK4099: 未找到 PDB“base.cc.pdb”(使用“cef_sandbox.lib(base.file_enumerator_win.obj)”或在“E:\Visual Studio Projects\盒子相关代码以及打包\CefMfcDemo\Release\base.cc.pdb”中寻找)；正在链接对象，如同没有调试信息一样
     1>cef_sandbox.lib(base.file_enumerator.obj) : warning LNK4099: 未找到 PDB“base.cc.pdb”(使用“cef_sandbox.lib(base.file_enumerator.obj)”或在“E:\Visual Studio Projects\盒子相关代码以及打包\CefMfcDemo\Release\base.cc.pdb”中寻找)；正在链接对象，如同没有调试信息一样
     1>cef_sandbox.lib(base.file_win.obj) : warning LNK4099: 未找到 PDB“base.cc.pdb”(使用“cef_sandbox.lib(base.file_win.obj)”或在“E:\Visual Studio Projects\盒子相关代码以及打包\CefMfcDemo\Release\base.cc.pdb”中寻找)；正在链接对象，如同没有调试信息一样
     1>cef_sandbox.lib(base.file.obj) : warning LNK4099: 未找到 PDB“base.cc.pdb”(使用“cef_sandbox.lib(base.file.obj)”或在“E:\Visual Studio Projects\盒子相关代码以及打包\CefMfcDemo\Release\base.cc.pdb”中寻找)；正在链接对象，如同没有调试信息一样
     1>cef_sandbox.lib(base.rand_util.obj) : warning LNK4099: 未找到 PDB“base.cc.pdb”(使用“cef_sandbox.lib(base.rand_util.obj)”或在“E:\Visual Studio Projects\盒子相关代码以及打包\CefMfcDemo\Release\base.cc.pdb”中寻找)；正在链接对象，如同没有调试信息一样
     1>cef_sandbox.lib(base.process_handle_win.obj) : warning LNK4099: 未找到 PDB“base.cc.pdb”(使用“cef_sandbox.lib(base.process_handle_win.obj)”或在“E:\Visual Studio Projects\盒子相关代码以及打包\CefMfcDemo\Release\base.cc.pdb”中寻找)；正在链接对象，如同没有调试信息一样
     1>cef_sandbox.lib(base.string_split.obj) : warning LNK4099: 未找到 PDB“base.cc.pdb”(使用“cef_sandbox.lib(base.string_split.obj)”或在“E:\Visual Studio Projects\盒子相关代码以及打包\CefMfcDemo\Release\base.cc.pdb”中寻找)；正在链接对象，如同没有调试信息一样
     1>cef_sandbox.lib(base.file_path_constants.obj) : warning LNK4099: 未找到 PDB“base.cc.pdb”(使用“cef_sandbox.lib(base.file_path_constants.obj)”或在“E:\Visual Studio Projects\盒子相关代码以及打包\CefMfcDemo\Release\base.cc.pdb”中寻找)；正在链接对象，如同没有调试信息一样
     1>cef_sandbox.lib(base.pickle.obj) : warning LNK4099: 未找到 PDB“base.cc.pdb”(使用“cef_sandbox.lib(base.pickle.obj)”或在“E:\Visual Studio Projects\盒子相关代码以及打包\CefMfcDemo\Release\base.cc.pdb”中寻找)；正在链接对象，如同没有调试信息一样
     1>cef_sandbox.lib(base.dtoa_wrapper.obj) : warning LNK4099: 未找到 PDB“base.cc.pdb”(使用“cef_sandbox.lib(base.dtoa_wrapper.obj)”或在“E:\Visual Studio Projects\盒子相关代码以及打包\CefMfcDemo\Release\base.cc.pdb”中寻找)；正在链接对象，如同没有调试信息一样
     1>cef_sandbox.lib(base.g_fmt.obj) : warning LNK4099: 未找到 PDB“base.cc.pdb”(使用“cef_sandbox.lib(base.g_fmt.obj)”或在“E:\Visual Studio Projects\盒子相关代码以及打包\CefMfcDemo\Release\base.cc.pdb”中寻找)；正在链接对象，如同没有调试信息一样
     1>cef_sandbox.lib(base.superfasthash.obj) : warning LNK4099: 未找到 PDB“base.c.pdb”(使用“cef_sandbox.lib(base.superfasthash.obj)”或在“E:\Visual Studio Projects\盒子相关代码以及打包\CefMfcDemo\Release\base.c.pdb”中寻找)；正在链接对象，如同没有调试信息一样
     1>cef_sandbox.lib(base.tracked_time.obj) : warning LNK4099: 未找到 PDB“base.cc.pdb”(使用“cef_sandbox.lib(base.tracked_time.obj)”或在“E:\Visual Studio Projects\盒子相关代码以及打包\CefMfcDemo\Release\base.cc.pdb”中寻找)；正在链接对象，如同没有调试信息一样
     1>cef_sandbox.lib(base.alternate_timer.obj) : warning LNK4099: 未找到 PDB“base.cc.pdb”(使用“cef_sandbox.lib(base.alternate_timer.obj)”或在“E:\Visual Studio Projects\盒子相关代码以及打包\CefMfcDemo\Release\base.cc.pdb”中寻找)；正在链接对象，如同没有调试信息一样
     1>cef_sandbox.lib(base.thread_local_storage.obj) : warning LNK4099: 未找到 PDB“base.cc.pdb”(使用“cef_sandbox.lib(base.thread_local_storage.obj)”或在“E:\Visual Studio Projects\盒子相关代码以及打包\CefMfcDemo\Release\base.cc.pdb”中寻找)；正在链接对象，如同没有调试信息一样
     1>cef_sandbox.lib(base.prtime.obj) : warning LNK4099: 未找到 PDB“base.cc.pdb”(使用“cef_sandbox.lib(base.prtime.obj)”或在“E:\Visual Studio Projects\盒子相关代码以及打包\CefMfcDemo\Release\base.cc.pdb”中寻找)；正在链接对象，如同没有调试信息一样
     1>cef_sandbox.lib(base.cpu.obj) : warning LNK4099: 未找到 PDB“base.cc.pdb”(使用“cef_sandbox.lib(base.cpu.obj)”或在“E:\Visual Studio Projects\盒子相关代码以及打包\CefMfcDemo\Release\base.cc.pdb”中寻找)；正在链接对象，如同没有调试信息一样
     1>cef_sandbox.lib(base.post_task_and_reply_impl.obj) : warning LNK4099: 未找到 PDB“base.cc.pdb”(使用“cef_sandbox.lib(base.post_task_and_reply_impl.obj)”或在“E:\Visual Studio Projects\盒子相关代码以及打包\CefMfcDemo\Release\base.cc.pdb”中寻找)；正在链接对象，如同没有调试信息一样
     1>cef_sandbox.lib(base.message_pump_default.obj) : warning LNK4099: 未找到 PDB“base.cc.pdb”(使用“cef_sandbox.lib(base.message_pump_default.obj)”或在“E:\Visual Studio Projects\盒子相关代码以及打包\CefMfcDemo\Release\base.cc.pdb”中寻找)；正在链接对象，如同没有调试信息一样
     1>cef_sandbox.lib(base.thread_task_runner_handle.obj) : warning LNK4099: 未找到 PDB“base.cc.pdb”(使用“cef_sandbox.lib(base.thread_task_runner_handle.obj)”或在“E:\Visual Studio Projects\盒子相关代码以及打包\CefMfcDemo\Release\base.cc.pdb”中寻找)；正在链接对象，如同没有调试信息一样
     1>cef_sandbox.lib(base.pending_task.obj) : warning LNK4099: 未找到 PDB“base.cc.pdb”(使用“cef_sandbox.lib(base.pending_task.obj)”或在“E:\Visual Studio Projects\盒子相关代码以及打包\CefMfcDemo\Release\base.cc.pdb”中寻找)；正在链接对象，如同没有调试信息一样
     1>cef_sandbox.lib(base.incoming_task_queue.obj) : warning LNK4099: 未找到 PDB“base.cc.pdb”(使用“cef_sandbox.lib(base.incoming_task_queue.obj)”或在“E:\Visual Studio Projects\盒子相关代码以及打包\CefMfcDemo\Release\base.cc.pdb”中寻找)；正在链接对象，如同没有调试信息一样
     1>cef_sandbox.lib(base.message_loop_task_runner.obj) : warning LNK4099: 未找到 PDB“base.cc.pdb”(使用“cef_sandbox.lib(base.message_loop_task_runner.obj)”或在“E:\Visual Studio Projects\盒子相关代码以及打包\CefMfcDemo\Release\base.cc.pdb”中寻找)；正在链接对象，如同没有调试信息一样
     1>cef_sandbox.lib(base.thread_local_win.obj) : warning LNK4099: 未找到 PDB“base.cc.pdb”(使用“cef_sandbox.lib(base.thread_local_win.obj)”或在“E:\Visual Studio Projects\盒子相关代码以及打包\CefMfcDemo\Release\base.cc.pdb”中寻找)；正在链接对象，如同没有调试信息一样
     1>cef_sandbox.lib(base.statistics_recorder.obj) : warning LNK4099: 未找到 PDB“base.cc.pdb”(使用“cef_sandbox.lib(base.statistics_recorder.obj)”或在“E:\Visual Studio Projects\盒子相关代码以及打包\CefMfcDemo\Release\base.cc.pdb”中寻找)；正在链接对象，如同没有调试信息一样
     1>cef_sandbox.lib(base.run_loop.obj) : warning LNK4099: 未找到 PDB“base.cc.pdb”(使用“cef_sandbox.lib(base.run_loop.obj)”或在“E:\Visual Studio Projects\盒子相关代码以及打包\CefMfcDemo\Release\base.cc.pdb”中寻找)；正在链接对象，如同没有调试信息一样
     1>cef_sandbox.lib(base.trace_log.obj) : warning LNK4099: 未找到 PDB“base.cc.pdb”(使用“cef_sandbox.lib(base.trace_log.obj)”或在“E:\Visual Studio Projects\盒子相关代码以及打包\CefMfcDemo\Release\base.cc.pdb”中寻找)；正在链接对象，如同没有调试信息一样
     1>cef_sandbox.lib(base.message_pump_win.obj) : warning LNK4099: 未找到 PDB“base.cc.pdb”(使用“cef_sandbox.lib(base.message_pump_win.obj)”或在“E:\Visual Studio Projects\盒子相关代码以及打包\CefMfcDemo\Release\base.cc.pdb”中寻找)；正在链接对象，如同没有调试信息一样
     1>cef_sandbox.lib(base.histogram.obj) : warning LNK4099: 未找到 PDB“base.cc.pdb”(使用“cef_sandbox.lib(base.histogram.obj)”或在“E:\Visual Studio Projects\盒子相关代码以及打包\CefMfcDemo\Release\base.cc.pdb”中寻找)；正在链接对象，如同没有调试信息一样
     1>cef_sandbox.lib(base.task_annotator.obj) : warning LNK4099: 未找到 PDB“base.cc.pdb”(使用“cef_sandbox.lib(base.task_annotator.obj)”或在“E:\Visual Studio Projects\盒子相关代码以及打包\CefMfcDemo\Release\base.cc.pdb”中寻找)；正在链接对象，如同没有调试信息一样
     1>cef_sandbox.lib(base.sequenced_task_runner.obj) : warning LNK4099: 未找到 PDB“base.cc.pdb”(使用“cef_sandbox.lib(base.sequenced_task_runner.obj)”或在“E:\Visual Studio Projects\盒子相关代码以及打包\CefMfcDemo\Release\base.cc.pdb”中寻找)；正在链接对象，如同没有调试信息一样
     1>cef_sandbox.lib(base.tracking_info.obj) : warning LNK4099: 未找到 PDB“base.cc.pdb”(使用“cef_sandbox.lib(base.tracking_info.obj)”或在“E:\Visual Studio Projects\盒子相关代码以及打包\CefMfcDemo\Release\base.cc.pdb”中寻找)；正在链接对象，如同没有调试信息一样
     1>cef_sandbox.lib(base.file_tracing.obj) : warning LNK4099: 未找到 PDB“base.cc.pdb”(使用“cef_sandbox.lib(base.file_tracing.obj)”或在“E:\Visual Studio Projects\盒子相关代码以及打包\CefMfcDemo\Release\base.cc.pdb”中寻找)；正在链接对象，如同没有调试信息一样
     1>cef_sandbox.lib(base.sparse_histogram.obj) : warning LNK4099: 未找到 PDB“base.cc.pdb”(使用“cef_sandbox.lib(base.sparse_histogram.obj)”或在“E:\Visual Studio Projects\盒子相关代码以及打包\CefMfcDemo\Release\base.cc.pdb”中寻找)；正在链接对象，如同没有调试信息一样
     1>cef_sandbox.lib(base.histogram_base.obj) : warning LNK4099: 未找到 PDB“base.cc.pdb”(使用“cef_sandbox.lib(base.histogram_base.obj)”或在“E:\Visual Studio Projects\盒子相关代码以及打包\CefMfcDemo\Release\base.cc.pdb”中寻找)；正在链接对象，如同没有调试信息一样
     1>cef_sandbox.lib(base.elapsed_timer.obj) : warning LNK4099: 未找到 PDB“base.cc.pdb”(使用“cef_sandbox.lib(base.elapsed_timer.obj)”或在“E:\Visual Studio Projects\盒子相关代码以及打包\CefMfcDemo\Release\base.cc.pdb”中寻找)；正在链接对象，如同没有调试信息一样
     1>cef_sandbox.lib(base.rand_util_win.obj) : warning LNK4099: 未找到 PDB“base.cc.pdb”(使用“cef_sandbox.lib(base.rand_util_win.obj)”或在“E:\Visual Studio Projects\盒子相关代码以及打包\CefMfcDemo\Release\base.cc.pdb”中寻找)；正在链接对象，如同没有调试信息一样
     1>cef_sandbox.lib(base.thread_local_storage_win.obj) : warning LNK4099: 未找到 PDB“base.cc.pdb”(使用“cef_sandbox.lib(base.thread_local_storage_win.obj)”或在“E:\Visual Studio Projects\盒子相关代码以及打包\CefMfcDemo\Release\base.cc.pdb”中寻找)；正在链接对象，如同没有调试信息一样
     1>cef_sandbox.lib(base.waitable_event_win.obj) : warning LNK4099: 未找到 PDB“base.cc.pdb”(使用“cef_sandbox.lib(base.waitable_event_win.obj)”或在“E:\Visual Studio Projects\盒子相关代码以及打包\CefMfcDemo\Release\base.cc.pdb”中寻找)；正在链接对象，如同没有调试信息一样
     1>cef_sandbox.lib(base.message_pump.obj) : warning LNK4099: 未找到 PDB“base.cc.pdb”(使用“cef_sandbox.lib(base.message_pump.obj)”或在“E:\Visual Studio Projects\盒子相关代码以及打包\CefMfcDemo\Release\base.cc.pdb”中寻找)；正在链接对象，如同没有调试信息一样
     1>cef_sandbox.lib(base.string_escape.obj) : warning LNK4099: 未找到 PDB“base.cc.pdb”(使用“cef_sandbox.lib(base.string_escape.obj)”或在“E:\Visual Studio Projects\盒子相关代码以及打包\CefMfcDemo\Release\base.cc.pdb”中寻找)；正在链接对象，如同没有调试信息一样
     1>cef_sandbox.lib(base.bucket_ranges.obj) : warning LNK4099: 未找到 PDB“base.cc.pdb”(使用“cef_sandbox.lib(base.bucket_ranges.obj)”或在“E:\Visual Studio Projects\盒子相关代码以及打包\CefMfcDemo\Release\base.cc.pdb”中寻找)；正在链接对象，如同没有调试信息一样
     1>cef_sandbox.lib(base.metrics_hashes.obj) : warning LNK4099: 未找到 PDB“base.cc.pdb”(使用“cef_sandbox.lib(base.metrics_hashes.obj)”或在“E:\Visual Studio Projects\盒子相关代码以及打包\CefMfcDemo\Release\base.cc.pdb”中寻找)；正在链接对象，如同没有调试信息一样
     1>cef_sandbox.lib(base.ref_counted_memory.obj) : warning LNK4099: 未找到 PDB“base.cc.pdb”(使用“cef_sandbox.lib(base.ref_counted_memory.obj)”或在“E:\Visual Studio Projects\盒子相关代码以及打包\CefMfcDemo\Release\base.cc.pdb”中寻找)；正在链接对象，如同没有调试信息一样
     1>cef_sandbox.lib(base.sys_info_win.obj) : warning LNK4099: 未找到 PDB“base.cc.pdb”(使用“cef_sandbox.lib(base.sys_info_win.obj)”或在“E:\Visual Studio Projects\盒子相关代码以及打包\CefMfcDemo\Release\base.cc.pdb”中寻找)；正在链接对象，如同没有调试信息一样
     1>cef_sandbox.lib(base.heap_profiler_allocation_context_tracker.obj) : warning LNK4099: 未找到 PDB“base.cc.pdb”(使用“cef_sandbox.lib(base.heap_profiler_allocation_context_tracker.obj)”或在“E:\Visual Studio Projects\盒子相关代码以及打包\CefMfcDemo\Release\base.cc.pdb”中寻找)；正在链接对象，如同没有调试信息一样
     1>cef_sandbox.lib(base.trace_buffer.obj) : warning LNK4099: 未找到 PDB“base.cc.pdb”(使用“cef_sandbox.lib(base.trace_buffer.obj)”或在“E:\Visual Studio Projects\盒子相关代码以及打包\CefMfcDemo\Release\base.cc.pdb”中寻找)；正在链接对象，如同没有调试信息一样
     1>cef_sandbox.lib(base.trace_event_etw_export_win.obj) : warning LNK4099: 未找到 PDB“base.cc.pdb”(使用“cef_sandbox.lib(base.trace_event_etw_export_win.obj)”或在“E:\Visual Studio Projects\盒子相关代码以及打包\CefMfcDemo\Release\base.cc.pdb”中寻找)；正在链接对象，如同没有调试信息一样
     1>cef_sandbox.lib(base.trace_event_impl.obj) : warning LNK4099: 未找到 PDB“base.cc.pdb”(使用“cef_sandbox.lib(base.trace_event_impl.obj)”或在“E:\Visual Studio Projects\盒子相关代码以及打包\CefMfcDemo\Release\base.cc.pdb”中寻找)；正在链接对象，如同没有调试信息一样
     1>cef_sandbox.lib(base.trace_log_constants.obj) : warning LNK4099: 未找到 PDB“base.cc.pdb”(使用“cef_sandbox.lib(base.trace_log_constants.obj)”或在“E:\Visual Studio Projects\盒子相关代码以及打包\CefMfcDemo\Release\base.cc.pdb”中寻找)；正在链接对象，如同没有调试信息一样
     1>cef_sandbox.lib(base.trace_event_synthetic_delay.obj) : warning LNK4099: 未找到 PDB“base.cc.pdb”(使用“cef_sandbox.lib(base.trace_event_synthetic_delay.obj)”或在“E:\Visual Studio Projects\盒子相关代码以及打包\CefMfcDemo\Release\base.cc.pdb”中寻找)；正在链接对象，如同没有调试信息一样
     1>cef_sandbox.lib(base.trace_sampling_thread.obj) : warning LNK4099: 未找到 PDB“base.cc.pdb”(使用“cef_sandbox.lib(base.trace_sampling_thread.obj)”或在“E:\Visual Studio Projects\盒子相关代码以及打包\CefMfcDemo\Release\base.cc.pdb”中寻找)；正在链接对象，如同没有调试信息一样
     1>cef_sandbox.lib(base.trace_config.obj) : warning LNK4099: 未找到 PDB“base.cc.pdb”(使用“cef_sandbox.lib(base.trace_config.obj)”或在“E:\Visual Studio Projects\盒子相关代码以及打包\CefMfcDemo\Release\base.cc.pdb”中寻找)；正在链接对象，如同没有调试信息一样
     1>cef_sandbox.lib(base.memory_dump_manager.obj) : warning LNK4099: 未找到 PDB“base.cc.pdb”(使用“cef_sandbox.lib(base.memory_dump_manager.obj)”或在“E:\Visual Studio Projects\盒子相关代码以及打包\CefMfcDemo\Release\base.cc.pdb”中寻找)；正在链接对象，如同没有调试信息一样
     1>cef_sandbox.lib(base.trace_event_memory_overhead.obj) : warning LNK4099: 未找到 PDB“base.cc.pdb”(使用“cef_sandbox.lib(base.trace_event_memory_overhead.obj)”或在“E:\Visual Studio Projects\盒子相关代码以及打包\CefMfcDemo\Release\base.cc.pdb”中寻找)；正在链接对象，如同没有调试信息一样
     1>cef_sandbox.lib(base.worker_pool_win.obj) : warning LNK4099: 未找到 PDB“base.cc.pdb”(使用“cef_sandbox.lib(base.worker_pool_win.obj)”或在“E:\Visual Studio Projects\盒子相关代码以及打包\CefMfcDemo\Release\base.cc.pdb”中寻找)；正在链接对象，如同没有调试信息一样
     1>cef_sandbox.lib(base.memory_win.obj) : warning LNK4099: 未找到 PDB“base.cc.pdb”(使用“cef_sandbox.lib(base.memory_win.obj)”或在“E:\Visual Studio Projects\盒子相关代码以及打包\CefMfcDemo\Release\base.cc.pdb”中寻找)；正在链接对象，如同没有调试信息一样
     1>cef_sandbox.lib(base.wrapped_window_proc.obj) : warning LNK4099: 未找到 PDB“base.cc.pdb”(使用“cef_sandbox.lib(base.wrapped_window_proc.obj)”或在“E:\Visual Studio Projects\盒子相关代码以及打包\CefMfcDemo\Release\base.cc.pdb”中寻找)；正在链接对象，如同没有调试信息一样
     1>cef_sandbox.lib(base.values.obj) : warning LNK4099: 未找到 PDB“base.cc.pdb”(使用“cef_sandbox.lib(base.values.obj)”或在“E:\Visual Studio Projects\盒子相关代码以及打包\CefMfcDemo\Release\base.cc.pdb”中寻找)；正在链接对象，如同没有调试信息一样
     1>cef_sandbox.lib(base.sample_vector.obj) : warning LNK4099: 未找到 PDB“base.cc.pdb”(使用“cef_sandbox.lib(base.sample_vector.obj)”或在“E:\Visual Studio Projects\盒子相关代码以及打包\CefMfcDemo\Release\base.cc.pdb”中寻找)；正在链接对象，如同没有调试信息一样
     1>cef_sandbox.lib(base.sample_map.obj) : warning LNK4099: 未找到 PDB“base.cc.pdb”(使用“cef_sandbox.lib(base.sample_map.obj)”或在“E:\Visual Studio Projects\盒子相关代码以及打包\CefMfcDemo\Release\base.cc.pdb”中寻找)；正在链接对象，如同没有调试信息一样
     1>cef_sandbox.lib(base.json_string_value_serializer.obj) : warning LNK4099: 未找到 PDB“base.cc.pdb”(使用“cef_sandbox.lib(base.json_string_value_serializer.obj)”或在“E:\Visual Studio Projects\盒子相关代码以及打包\CefMfcDemo\Release\base.cc.pdb”中寻找)；正在链接对象，如同没有调试信息一样
     1>cef_sandbox.lib(base.md5.obj) : warning LNK4099: 未找到 PDB“base.cc.pdb”(使用“cef_sandbox.lib(base.md5.obj)”或在“E:\Visual Studio Projects\盒子相关代码以及打包\CefMfcDemo\Release\base.cc.pdb”中寻找)；正在链接对象，如同没有调试信息一样
     1>cef_sandbox.lib(base.heap_profiler_allocation_context.obj) : warning LNK4099: 未找到 PDB“base.cc.pdb”(使用“cef_sandbox.lib(base.heap_profiler_allocation_context.obj)”或在“E:\Visual Studio Projects\盒子相关代码以及打包\CefMfcDemo\Release\base.cc.pdb”中寻找)；正在链接对象，如同没有调试信息一样
     1>cef_sandbox.lib(base.cancellation_flag.obj) : warning LNK4099: 未找到 PDB“base.cc.pdb”(使用“cef_sandbox.lib(base.cancellation_flag.obj)”或在“E:\Visual Studio Projects\盒子相关代码以及打包\CefMfcDemo\Release\base.cc.pdb”中寻找)；正在链接对象，如同没有调试信息一样
     1>cef_sandbox.lib(base.json_writer.obj) : warning LNK4099: 未找到 PDB“base.cc.pdb”(使用“cef_sandbox.lib(base.json_writer.obj)”或在“E:\Visual Studio Projects\盒子相关代码以及打包\CefMfcDemo\Release\base.cc.pdb”中寻找)；正在链接对象，如同没有调试信息一样
     1>cef_sandbox.lib(base.memory_dump_request_args.obj) : warning LNK4099: 未找到 PDB“base.cc.pdb”(使用“cef_sandbox.lib(base.memory_dump_request_args.obj)”或在“E:\Visual Studio Projects\盒子相关代码以及打包\CefMfcDemo\Release\base.cc.pdb”中寻找)；正在链接对象，如同没有调试信息一样
     1>cef_sandbox.lib(base.pattern.obj) : warning LNK4099: 未找到 PDB“base.cc.pdb”(使用“cef_sandbox.lib(base.pattern.obj)”或在“E:\Visual Studio Projects\盒子相关代码以及打包\CefMfcDemo\Release\base.cc.pdb”中寻找)；正在链接对象，如同没有调试信息一样
     1>cef_sandbox.lib(base.json_reader.obj) : warning LNK4099: 未找到 PDB“base.cc.pdb”(使用“cef_sandbox.lib(base.json_reader.obj)”或在“E:\Visual Studio Projects\盒子相关代码以及打包\CefMfcDemo\Release\base.cc.pdb”中寻找)；正在链接对象，如同没有调试信息一样
     1>cef_sandbox.lib(base.timer.obj) : warning LNK4099: 未找到 PDB“base.cc.pdb”(使用“cef_sandbox.lib(base.timer.obj)”或在“E:\Visual Studio Projects\盒子相关代码以及打包\CefMfcDemo\Release\base.cc.pdb”中寻找)；正在链接对象，如同没有调试信息一样
     1>cef_sandbox.lib(base.thread.obj) : warning LNK4099: 未找到 PDB“base.cc.pdb”(使用“cef_sandbox.lib(base.thread.obj)”或在“E:\Visual Studio Projects\盒子相关代码以及打包\CefMfcDemo\Release\base.cc.pdb”中寻找)；正在链接对象，如同没有调试信息一样
     1>cef_sandbox.lib(base.trace_event_argument.obj) : warning LNK4099: 未找到 PDB“base.cc.pdb”(使用“cef_sandbox.lib(base.trace_event_argument.obj)”或在“E:\Visual Studio Projects\盒子相关代码以及打包\CefMfcDemo\Release\base.cc.pdb”中寻找)；正在链接对象，如同没有调试信息一样
     1>cef_sandbox.lib(base.process_memory_totals_dump_provider.obj) : warning LNK4099: 未找到 PDB“base.cc.pdb”(使用“cef_sandbox.lib(base.process_memory_totals_dump_provider.obj)”或在“E:\Visual Studio Projects\盒子相关代码以及打包\CefMfcDemo\Release\base.cc.pdb”中寻找)；正在链接对象，如同没有调试信息一样
     1>cef_sandbox.lib(base.memory_dump_session_state.obj) : warning LNK4099: 未找到 PDB“base.cc.pdb”(使用“cef_sandbox.lib(base.memory_dump_session_state.obj)”或在“E:\Visual Studio Projects\盒子相关代码以及打包\CefMfcDemo\Release\base.cc.pdb”中寻找)；正在链接对象，如同没有调试信息一样
     1>cef_sandbox.lib(base.heap_profiler_stack_frame_deduplicator.obj) : warning LNK4099: 未找到 PDB“base.cc.pdb”(使用“cef_sandbox.lib(base.heap_profiler_stack_frame_deduplicator.obj)”或在“E:\Visual Studio Projects\盒子相关代码以及打包\CefMfcDemo\Release\base.cc.pdb”中寻找)；正在链接对象，如同没有调试信息一样
     1>cef_sandbox.lib(base.process_memory_dump.obj) : warning LNK4099: 未找到 PDB“base.cc.pdb”(使用“cef_sandbox.lib(base.process_memory_dump.obj)”或在“E:\Visual Studio Projects\盒子相关代码以及打包\CefMfcDemo\Release\base.cc.pdb”中寻找)；正在链接对象，如同没有调试信息一样
     1>cef_sandbox.lib(base.heap_profiler_type_name_deduplicator.obj) : warning LNK4099: 未找到 PDB“base.cc.pdb”(使用“cef_sandbox.lib(base.heap_profiler_type_name_deduplicator.obj)”或在“E:\Visual Studio Projects\盒子相关代码以及打包\CefMfcDemo\Release\base.cc.pdb”中寻找)；正在链接对象，如同没有调试信息一样
     1>cef_sandbox.lib(base.winheap_dump_provider_win.obj) : warning LNK4099: 未找到 PDB“base.cc.pdb”(使用“cef_sandbox.lib(base.winheap_dump_provider_win.obj)”或在“E:\Visual Studio Projects\盒子相关代码以及打包\CefMfcDemo\Release\base.cc.pdb”中寻找)；正在链接对象，如同没有调试信息一样
     1>cef_sandbox.lib(base.memory_allocator_dump.obj) : warning LNK4099: 未找到 PDB“base.cc.pdb”(使用“cef_sandbox.lib(base.memory_allocator_dump.obj)”或在“E:\Visual Studio Projects\盒子相关代码以及打包\CefMfcDemo\Release\base.cc.pdb”中寻找)；正在链接对象，如同没有调试信息一样
     1>cef_sandbox.lib(base.histogram_samples.obj) : warning LNK4099: 未找到 PDB“base.cc.pdb”(使用“cef_sandbox.lib(base.histogram_samples.obj)”或在“E:\Visual Studio Projects\盒子相关代码以及打包\CefMfcDemo\Release\base.cc.pdb”中寻找)；正在链接对象，如同没有调试信息一样
     1>cef_sandbox.lib(base.json_parser.obj) : warning LNK4099: 未找到 PDB“base.cc.pdb”(使用“cef_sandbox.lib(base.json_parser.obj)”或在“E:\Visual Studio Projects\盒子相关代码以及打包\CefMfcDemo\Release\base.cc.pdb”中寻找)；正在链接对象，如同没有调试信息一样
     1>cef_sandbox.lib(base.process_metrics_win.obj) : warning LNK4099: 未找到 PDB“base.cc.pdb”(使用“cef_sandbox.lib(base.process_metrics_win.obj)”或在“E:\Visual Studio Projects\盒子相关代码以及打包\CefMfcDemo\Release\base.cc.pdb”中寻找)；正在链接对象，如同没有调试信息一样
     1>cef_sandbox.lib(base.process_metrics.obj) : warning LNK4099: 未找到 PDB“base.cc.pdb”(使用“cef_sandbox.lib(base.process_metrics.obj)”或在“E:\Visual Studio Projects\盒子相关代码以及打包\CefMfcDemo\Release\base.cc.pdb”中寻找)；正在链接对象，如同没有调试信息一样
     1>cef_sandbox.lib(base.process_memory_totals.obj) : warning LNK4099: 未找到 PDB“base.cc.pdb”(使用“cef_sandbox.lib(base.process_memory_totals.obj)”或在“E:\Visual Studio Projects\盒子相关代码以及打包\CefMfcDemo\Release\base.cc.pdb”中寻找)；正在链接对象，如同没有调试信息一样
     1>cef_sandbox.lib(base.process_memory_maps.obj) : warning LNK4099: 未找到 PDB“base.cc.pdb”(使用“cef_sandbox.lib(base.process_memory_maps.obj)”或在“E:\Visual Studio Projects\盒子相关代码以及打包\CefMfcDemo\Release\base.cc.pdb”中寻找)；正在链接对象，如同没有调试信息一样
     1>cef_sandbox.lib(base.memory_allocator_dump_guid.obj) : warning LNK4099: 未找到 PDB“base.cc.pdb”(使用“cef_sandbox.lib(base.memory_allocator_dump_guid.obj)”或在“E:\Visual Studio Projects\盒子相关代码以及打包\CefMfcDemo\Release\base.cc.pdb”中寻找)；正在链接对象，如同没有调试信息一样
     1>cef_sandbox.lib(base.sha1_portable.obj) : warning LNK4099: 未找到 PDB“base.cc.pdb”(使用“cef_sandbox.lib(base.sha1_portable.obj)”或在“E:\Visual Studio Projects\盒子相关代码以及打包\CefMfcDemo\Release\base.cc.pdb”中寻找)；正在链接对象，如同没有调试信息一样
     1>cef_sandbox.lib(sandbox.Wow64.obj) : warning LNK4099: 未找到 PDB“sandbox.cc.pdb”(使用“cef_sandbox.lib(sandbox.Wow64.obj)”或在“E:\Visual Studio Projects\盒子相关代码以及打包\CefMfcDemo\Release\sandbox.cc.pdb”中寻找)；正在链接对象，如同没有调试信息一样
     1>cef_sandbox.lib(sandbox.preamble_patcher_with_stub.obj) : warning LNK4099: 未找到 PDB“sandbox.cc.pdb”(使用“cef_sandbox.lib(sandbox.preamble_patcher_with_stub.obj)”或在“E:\Visual Studio Projects\盒子相关代码以及打包\CefMfcDemo\Release\sandbox.cc.pdb”中寻找)；正在链接对象，如同没有调试信息一样
     1>cef_sandbox.lib(sandbox.mini_disassembler.obj) : warning LNK4099: 未找到 PDB“sandbox.cc.pdb”(使用“cef_sandbox.lib(sandbox.mini_disassembler.obj)”或在“E:\Visual Studio Projects\盒子相关代码以及打包\CefMfcDemo\Release\sandbox.cc.pdb”中寻找)；正在链接对象，如同没有调试信息一样
     1>cef_sandbox.lib(sandbox.ia32_opcode_map.obj) : warning LNK4099: 未找到 PDB“sandbox.cc.pdb”(使用“cef_sandbox.lib(sandbox.ia32_opcode_map.obj)”或在“E:\Visual Studio Projects\盒子相关代码以及打包\CefMfcDemo\Release\sandbox.cc.pdb”中寻找)；正在链接对象，如同没有调试信息一样
     1>cef_sandbox.lib(sandbox.ia32_modrm_map.obj) : warning LNK4099: 未找到 PDB“sandbox.cc.pdb”(使用“cef_sandbox.lib(sandbox.ia32_modrm_map.obj)”或在“E:\Visual Studio Projects\盒子相关代码以及打包\CefMfcDemo\Release\sandbox.cc.pdb”中寻找)；正在链接对象，如同没有调试信息一样
     1>cef_sandbox.lib(sandbox.sidestep_resolver.obj) : warning LNK4099: 未找到 PDB“sandbox.cc.pdb”(使用“cef_sandbox.lib(sandbox.sidestep_resolver.obj)”或在“E:\Visual Studio Projects\盒子相关代码以及打包\CefMfcDemo\Release\sandbox.cc.pdb”中寻找)；正在链接对象，如同没有调试信息一样
     1>cef_sandbox.lib(sandbox.service_resolver_32.obj) : warning LNK4099: 未找到 PDB“sandbox.cc.pdb”(使用“cef_sandbox.lib(sandbox.service_resolver_32.obj)”或在“E:\Visual Studio Projects\盒子相关代码以及打包\CefMfcDemo\Release\sandbox.cc.pdb”中寻找)；正在链接对象，如同没有调试信息一样
     1>cef_sandbox.lib(sandbox.resolver_32.obj) : warning LNK4099: 未找到 PDB“sandbox.cc.pdb”(使用“cef_sandbox.lib(sandbox.resolver_32.obj)”或在“E:\Visual Studio Projects\盒子相关代码以及打包\CefMfcDemo\Release\sandbox.cc.pdb”中寻找)；正在链接对象，如同没有调试信息一样
     1>cef_sandbox.lib(sandbox.window.obj) : warning LNK4099: 未找到 PDB“sandbox.cc.pdb”(使用“cef_sandbox.lib(sandbox.window.obj)”或在“E:\Visual Studio Projects\盒子相关代码以及打包\CefMfcDemo\Release\sandbox.cc.pdb”中寻找)；正在链接对象，如同没有调试信息一样
     1>cef_sandbox.lib(sandbox.win2k_threadpool.obj) : warning LNK4099: 未找到 PDB“sandbox.cc.pdb”(使用“cef_sandbox.lib(sandbox.win2k_threadpool.obj)”或在“E:\Visual Studio Projects\盒子相关代码以及打包\CefMfcDemo\Release\sandbox.cc.pdb”中寻找)；正在链接对象，如同没有调试信息一样
     1>cef_sandbox.lib(sandbox.win_utils.obj) : warning LNK4099: 未找到 PDB“sandbox.cc.pdb”(使用“cef_sandbox.lib(sandbox.win_utils.obj)”或在“E:\Visual Studio Projects\盒子相关代码以及打包\CefMfcDemo\Release\sandbox.cc.pdb”中寻找)；正在链接对象，如同没有调试信息一样
     1>cef_sandbox.lib(sandbox.top_level_dispatcher.obj) : warning LNK4099: 未找到 PDB“sandbox.cc.pdb”(使用“cef_sandbox.lib(sandbox.top_level_dispatcher.obj)”或在“E:\Visual Studio Projects\盒子相关代码以及打包\CefMfcDemo\Release\sandbox.cc.pdb”中寻找)；正在链接对象，如同没有调试信息一样
     1>cef_sandbox.lib(sandbox.target_services.obj) : warning LNK4099: 未找到 PDB“sandbox.cc.pdb”(使用“cef_sandbox.lib(sandbox.target_services.obj)”或在“E:\Visual Studio Projects\盒子相关代码以及打包\CefMfcDemo\Release\sandbox.cc.pdb”中寻找)；正在链接对象，如同没有调试信息一样
     1>cef_sandbox.lib(sandbox.target_process.obj) : warning LNK4099: 未找到 PDB“sandbox.cc.pdb”(使用“cef_sandbox.lib(sandbox.target_process.obj)”或在“E:\Visual Studio Projects\盒子相关代码以及打包\CefMfcDemo\Release\sandbox.cc.pdb”中寻找)；正在链接对象，如同没有调试信息一样
     1>cef_sandbox.lib(sandbox.target_interceptions.obj) : warning LNK4099: 未找到 PDB“sandbox.cc.pdb”(使用“cef_sandbox.lib(sandbox.target_interceptions.obj)”或在“E:\Visual Studio Projects\盒子相关代码以及打包\CefMfcDemo\Release\sandbox.cc.pdb”中寻找)；正在链接对象，如同没有调试信息一样
     1>cef_sandbox.lib(sandbox.sync_policy.obj) : warning LNK4099: 未找到 PDB“sandbox.cc.pdb”(使用“cef_sandbox.lib(sandbox.sync_policy.obj)”或在“E:\Visual Studio Projects\盒子相关代码以及打包\CefMfcDemo\Release\sandbox.cc.pdb”中寻找)；正在链接对象，如同没有调试信息一样
     1>cef_sandbox.lib(sandbox.sync_interception.obj) : warning LNK4099: 未找到 PDB“sandbox.cc.pdb”(使用“cef_sandbox.lib(sandbox.sync_interception.obj)”或在“E:\Visual Studio Projects\盒子相关代码以及打包\CefMfcDemo\Release\sandbox.cc.pdb”中寻找)；正在链接对象，如同没有调试信息一样
     1>cef_sandbox.lib(sandbox.sync_dispatcher.obj) : warning LNK4099: 未找到 PDB“sandbox.cc.pdb”(使用“cef_sandbox.lib(sandbox.sync_dispatcher.obj)”或在“E:\Visual Studio Projects\盒子相关代码以及打包\CefMfcDemo\Release\sandbox.cc.pdb”中寻找)；正在链接对象，如同没有调试信息一样
     1>cef_sandbox.lib(sandbox.sid.obj) : warning LNK4099: 未找到 PDB“sandbox.cc.pdb”(使用“cef_sandbox.lib(sandbox.sid.obj)”或在“E:\Visual Studio Projects\盒子相关代码以及打包\CefMfcDemo\Release\sandbox.cc.pdb”中寻找)；正在链接对象，如同没有调试信息一样
     1>cef_sandbox.lib(sandbox.sharedmem_ipc_server.obj) : warning LNK4099: 未找到 PDB“sandbox.cc.pdb”(使用“cef_sandbox.lib(sandbox.sharedmem_ipc_server.obj)”或在“E:\Visual Studio Projects\盒子相关代码以及打包\CefMfcDemo\Release\sandbox.cc.pdb”中寻找)；正在链接对象，如同没有调试信息一样
     1>cef_sandbox.lib(sandbox.sharedmem_ipc_client.obj) : warning LNK4099: 未找到 PDB“sandbox.cc.pdb”(使用“cef_sandbox.lib(sandbox.sharedmem_ipc_client.obj)”或在“E:\Visual Studio Projects\盒子相关代码以及打包\CefMfcDemo\Release\sandbox.cc.pdb”中寻找)；正在链接对象，如同没有调试信息一样
     1>cef_sandbox.lib(sandbox.service_resolver.obj) : warning LNK4099: 未找到 PDB“sandbox.cc.pdb”(使用“cef_sandbox.lib(sandbox.service_resolver.obj)”或在“E:\Visual Studio Projects\盒子相关代码以及打包\CefMfcDemo\Release\sandbox.cc.pdb”中寻找)；正在链接对象，如同没有调试信息一样
     1>cef_sandbox.lib(sandbox.sandbox.obj) : warning LNK4099: 未找到 PDB“sandbox.cc.pdb”(使用“cef_sandbox.lib(sandbox.sandbox.obj)”或在“E:\Visual Studio Projects\盒子相关代码以及打包\CefMfcDemo\Release\sandbox.cc.pdb”中寻找)；正在链接对象，如同没有调试信息一样
     1>cef_sandbox.lib(sandbox.sandbox_utils.obj) : warning LNK4099: 未找到 PDB“sandbox.cc.pdb”(使用“cef_sandbox.lib(sandbox.sandbox_utils.obj)”或在“E:\Visual Studio Projects\盒子相关代码以及打包\CefMfcDemo\Release\sandbox.cc.pdb”中寻找)；正在链接对象，如同没有调试信息一样
     1>cef_sandbox.lib(sandbox.sandbox_rand.obj) : warning LNK4099: 未找到 PDB“sandbox.cc.pdb”(使用“cef_sandbox.lib(sandbox.sandbox_rand.obj)”或在“E:\Visual Studio Projects\盒子相关代码以及打包\CefMfcDemo\Release\sandbox.cc.pdb”中寻找)；正在链接对象，如同没有调试信息一样
     1>cef_sandbox.lib(sandbox.sandbox_policy_base.obj) : warning LNK4099: 未找到 PDB“sandbox.cc.pdb”(使用“cef_sandbox.lib(sandbox.sandbox_policy_base.obj)”或在“E:\Visual Studio Projects\盒子相关代码以及打包\CefMfcDemo\Release\sandbox.cc.pdb”中寻找)；正在链接对象，如同没有调试信息一样
     1>cef_sandbox.lib(sandbox.sandbox_nt_util.obj) : warning LNK4099: 未找到 PDB“sandbox.cc.pdb”(使用“cef_sandbox.lib(sandbox.sandbox_nt_util.obj)”或在“E:\Visual Studio Projects\盒子相关代码以及打包\CefMfcDemo\Release\sandbox.cc.pdb”中寻找)；正在链接对象，如同没有调试信息一样
     1>cef_sandbox.lib(sandbox.sandbox_globals.obj) : warning LNK4099: 未找到 PDB“sandbox.cc.pdb”(使用“cef_sandbox.lib(sandbox.sandbox_globals.obj)”或在“E:\Visual Studio Projects\盒子相关代码以及打包\CefMfcDemo\Release\sandbox.cc.pdb”中寻找)；正在链接对象，如同没有调试信息一样
     1>cef_sandbox.lib(sandbox.restricted_token.obj) : warning LNK4099: 未找到 PDB“sandbox.cc.pdb”(使用“cef_sandbox.lib(sandbox.restricted_token.obj)”或在“E:\Visual Studio Projects\盒子相关代码以及打包\CefMfcDemo\Release\sandbox.cc.pdb”中寻找)；正在链接对象，如同没有调试信息一样
     1>cef_sandbox.lib(sandbox.restricted_token_utils.obj) : warning LNK4099: 未找到 PDB“sandbox.cc.pdb”(使用“cef_sandbox.lib(sandbox.restricted_token_utils.obj)”或在“E:\Visual Studio Projects\盒子相关代码以及打包\CefMfcDemo\Release\sandbox.cc.pdb”中寻找)；正在链接对象，如同没有调试信息一样
     1>cef_sandbox.lib(sandbox.resolver.obj) : warning LNK4099: 未找到 PDB“sandbox.cc.pdb”(使用“cef_sandbox.lib(sandbox.resolver.obj)”或在“E:\Visual Studio Projects\盒子相关代码以及打包\CefMfcDemo\Release\sandbox.cc.pdb”中寻找)；正在链接对象，如同没有调试信息一样
     1>cef_sandbox.lib(sandbox.registry_policy.obj) : warning LNK4099: 未找到 PDB“sandbox.cc.pdb”(使用“cef_sandbox.lib(sandbox.registry_policy.obj)”或在“E:\Visual Studio Projects\盒子相关代码以及打包\CefMfcDemo\Release\sandbox.cc.pdb”中寻找)；正在链接对象，如同没有调试信息一样
     1>cef_sandbox.lib(sandbox.registry_interception.obj) : warning LNK4099: 未找到 PDB“sandbox.cc.pdb”(使用“cef_sandbox.lib(sandbox.registry_interception.obj)”或在“E:\Visual Studio Projects\盒子相关代码以及打包\CefMfcDemo\Release\sandbox.cc.pdb”中寻找)；正在链接对象，如同没有调试信息一样
     1>cef_sandbox.lib(sandbox.registry_dispatcher.obj) : warning LNK4099: 未找到 PDB“sandbox.cc.pdb”(使用“cef_sandbox.lib(sandbox.registry_dispatcher.obj)”或在“E:\Visual Studio Projects\盒子相关代码以及打包\CefMfcDemo\Release\sandbox.cc.pdb”中寻找)；正在链接对象，如同没有调试信息一样
     1>cef_sandbox.lib(sandbox.process_thread_policy.obj) : warning LNK4099: 未找到 PDB“sandbox.cc.pdb”(使用“cef_sandbox.lib(sandbox.process_thread_policy.obj)”或在“E:\Visual Studio Projects\盒子相关代码以及打包\CefMfcDemo\Release\sandbox.cc.pdb”中寻找)；正在链接对象，如同没有调试信息一样
     1>cef_sandbox.lib(sandbox.process_thread_interception.obj) : warning LNK4099: 未找到 PDB“sandbox.cc.pdb”(使用“cef_sandbox.lib(sandbox.process_thread_interception.obj)”或在“E:\Visual Studio Projects\盒子相关代码以及打包\CefMfcDemo\Release\sandbox.cc.pdb”中寻找)；正在链接对象，如同没有调试信息一样
     1>cef_sandbox.lib(sandbox.process_thread_dispatcher.obj) : warning LNK4099: 未找到 PDB“sandbox.cc.pdb”(使用“cef_sandbox.lib(sandbox.process_thread_dispatcher.obj)”或在“E:\Visual Studio Projects\盒子相关代码以及打包\CefMfcDemo\Release\sandbox.cc.pdb”中寻找)；正在链接对象，如同没有调试信息一样
     1>cef_sandbox.lib(sandbox.process_mitigations_win32k_policy.obj) : warning LNK4099: 未找到 PDB“sandbox.cc.pdb”(使用“cef_sandbox.lib(sandbox.process_mitigations_win32k_policy.obj)”或在“E:\Visual Studio Projects\盒子相关代码以及打包\CefMfcDemo\Release\sandbox.cc.pdb”中寻找)；正在链接对象，如同没有调试信息一样
     1>cef_sandbox.lib(sandbox.process_mitigations_win32k_interception.obj) : warning LNK4099: 未找到 PDB“sandbox.cc.pdb”(使用“cef_sandbox.lib(sandbox.process_mitigations_win32k_interception.obj)”或在“E:\Visual Studio Projects\盒子相关代码以及打包\CefMfcDemo\Release\sandbox.cc.pdb”中寻找)；正在链接对象，如同没有调试信息一样
     1>cef_sandbox.lib(sandbox.process_mitigations_win32k_dispatcher.obj) : warning LNK4099: 未找到 PDB“sandbox.cc.pdb”(使用“cef_sandbox.lib(sandbox.process_mitigations_win32k_dispatcher.obj)”或在“E:\Visual Studio Projects\盒子相关代码以及打包\CefMfcDemo\Release\sandbox.cc.pdb”中寻找)；正在链接对象，如同没有调试信息一样
     1>cef_sandbox.lib(sandbox.process_mitigations.obj) : warning LNK4099: 未找到 PDB“sandbox.cc.pdb”(使用“cef_sandbox.lib(sandbox.process_mitigations.obj)”或在“E:\Visual Studio Projects\盒子相关代码以及打包\CefMfcDemo\Release\sandbox.cc.pdb”中寻找)；正在链接对象，如同没有调试信息一样
     1>cef_sandbox.lib(sandbox.policy_target.obj) : warning LNK4099: 未找到 PDB“sandbox.cc.pdb”(使用“cef_sandbox.lib(sandbox.policy_target.obj)”或在“E:\Visual Studio Projects\盒子相关代码以及打包\CefMfcDemo\Release\sandbox.cc.pdb”中寻找)；正在链接对象，如同没有调试信息一样
     1>cef_sandbox.lib(sandbox.policy_low_level.obj) : warning LNK4099: 未找到 PDB“sandbox.cc.pdb”(使用“cef_sandbox.lib(sandbox.policy_low_level.obj)”或在“E:\Visual Studio Projects\盒子相关代码以及打包\CefMfcDemo\Release\sandbox.cc.pdb”中寻找)；正在链接对象，如同没有调试信息一样
     1>cef_sandbox.lib(sandbox.policy_engine_processor.obj) : warning LNK4099: 未找到 PDB“sandbox.cc.pdb”(使用“cef_sandbox.lib(sandbox.policy_engine_processor.obj)”或在“E:\Visual Studio Projects\盒子相关代码以及打包\CefMfcDemo\Release\sandbox.cc.pdb”中寻找)；正在链接对象，如同没有调试信息一样
     1>cef_sandbox.lib(sandbox.policy_engine_opcodes.obj) : warning LNK4099: 未找到 PDB“sandbox.cc.pdb”(使用“cef_sandbox.lib(sandbox.policy_engine_opcodes.obj)”或在“E:\Visual Studio Projects\盒子相关代码以及打包\CefMfcDemo\Release\sandbox.cc.pdb”中寻找)；正在链接对象，如同没有调试信息一样
     1>cef_sandbox.lib(sandbox.policy_broker.obj) : warning LNK4099: 未找到 PDB“sandbox.cc.pdb”(使用“cef_sandbox.lib(sandbox.policy_broker.obj)”或在“E:\Visual Studio Projects\盒子相关代码以及打包\CefMfcDemo\Release\sandbox.cc.pdb”中寻找)；正在链接对象，如同没有调试信息一样
     1>cef_sandbox.lib(sandbox.named_pipe_policy.obj) : warning LNK4099: 未找到 PDB“sandbox.cc.pdb”(使用“cef_sandbox.lib(sandbox.named_pipe_policy.obj)”或在“E:\Visual Studio Projects\盒子相关代码以及打包\CefMfcDemo\Release\sandbox.cc.pdb”中寻找)；正在链接对象，如同没有调试信息一样
     1>cef_sandbox.lib(sandbox.named_pipe_interception.obj) : warning LNK4099: 未找到 PDB“sandbox.cc.pdb”(使用“cef_sandbox.lib(sandbox.named_pipe_interception.obj)”或在“E:\Visual Studio Projects\盒子相关代码以及打包\CefMfcDemo\Release\sandbox.cc.pdb”中寻找)；正在链接对象，如同没有调试信息一样
     1>cef_sandbox.lib(sandbox.named_pipe_dispatcher.obj) : warning LNK4099: 未找到 PDB“sandbox.cc.pdb”(使用“cef_sandbox.lib(sandbox.named_pipe_dispatcher.obj)”或在“E:\Visual Studio Projects\盒子相关代码以及打包\CefMfcDemo\Release\sandbox.cc.pdb”中寻找)；正在链接对象，如同没有调试信息一样
     1>cef_sandbox.lib(sandbox.job.obj) : warning LNK4099: 未找到 PDB“sandbox.cc.pdb”(使用“cef_sandbox.lib(sandbox.job.obj)”或在“E:\Visual Studio Projects\盒子相关代码以及打包\CefMfcDemo\Release\sandbox.cc.pdb”中寻找)；正在链接对象，如同没有调试信息一样
     1>cef_sandbox.lib(sandbox.interception_agent.obj) : warning LNK4099: 未找到 PDB“sandbox.cc.pdb”(使用“cef_sandbox.lib(sandbox.interception_agent.obj)”或在“E:\Visual Studio Projects\盒子相关代码以及打包\CefMfcDemo\Release\sandbox.cc.pdb”中寻找)；正在链接对象，如同没有调试信息一样
     1>cef_sandbox.lib(sandbox.interception.obj) : warning LNK4099: 未找到 PDB“sandbox.cc.pdb”(使用“cef_sandbox.lib(sandbox.interception.obj)”或在“E:\Visual Studio Projects\盒子相关代码以及打包\CefMfcDemo\Release\sandbox.cc.pdb”中寻找)；正在链接对象，如同没有调试信息一样
     1>cef_sandbox.lib(sandbox.handle_policy.obj) : warning LNK4099: 未找到 PDB“sandbox.cc.pdb”(使用“cef_sandbox.lib(sandbox.handle_policy.obj)”或在“E:\Visual Studio Projects\盒子相关代码以及打包\CefMfcDemo\Release\sandbox.cc.pdb”中寻找)；正在链接对象，如同没有调试信息一样
     1>cef_sandbox.lib(sandbox.handle_interception.obj) : warning LNK4099: 未找到 PDB“sandbox.cc.pdb”(使用“cef_sandbox.lib(sandbox.handle_interception.obj)”或在“E:\Visual Studio Projects\盒子相关代码以及打包\CefMfcDemo\Release\sandbox.cc.pdb”中寻找)；正在链接对象，如同没有调试信息一样
     1>cef_sandbox.lib(sandbox.handle_dispatcher.obj) : warning LNK4099: 未找到 PDB“sandbox.cc.pdb”(使用“cef_sandbox.lib(sandbox.handle_dispatcher.obj)”或在“E:\Visual Studio Projects\盒子相关代码以及打包\CefMfcDemo\Release\sandbox.cc.pdb”中寻找)；正在链接对象，如同没有调试信息一样
     1>cef_sandbox.lib(sandbox.handle_closer_agent.obj) : warning LNK4099: 未找到 PDB“sandbox.cc.pdb”(使用“cef_sandbox.lib(sandbox.handle_closer_agent.obj)”或在“E:\Visual Studio Projects\盒子相关代码以及打包\CefMfcDemo\Release\sandbox.cc.pdb”中寻找)；正在链接对象，如同没有调试信息一样
     1>cef_sandbox.lib(sandbox.handle_closer.obj) : warning LNK4099: 未找到 PDB“sandbox.cc.pdb”(使用“cef_sandbox.lib(sandbox.handle_closer.obj)”或在“E:\Visual Studio Projects\盒子相关代码以及打包\CefMfcDemo\Release\sandbox.cc.pdb”中寻找)；正在链接对象，如同没有调试信息一样
     1>cef_sandbox.lib(sandbox.filesystem_policy.obj) : warning LNK4099: 未找到 PDB“sandbox.cc.pdb”(使用“cef_sandbox.lib(sandbox.filesystem_policy.obj)”或在“E:\Visual Studio Projects\盒子相关代码以及打包\CefMfcDemo\Release\sandbox.cc.pdb”中寻找)；正在链接对象，如同没有调试信息一样
     1>cef_sandbox.lib(sandbox.filesystem_interception.obj) : warning LNK4099: 未找到 PDB“sandbox.cc.pdb”(使用“cef_sandbox.lib(sandbox.filesystem_interception.obj)”或在“E:\Visual Studio Projects\盒子相关代码以及打包\CefMfcDemo\Release\sandbox.cc.pdb”中寻找)；正在链接对象，如同没有调试信息一样
     1>cef_sandbox.lib(sandbox.filesystem_dispatcher.obj) : warning LNK4099: 未找到 PDB“sandbox.cc.pdb”(使用“cef_sandbox.lib(sandbox.filesystem_dispatcher.obj)”或在“E:\Visual Studio Projects\盒子相关代码以及打包\CefMfcDemo\Release\sandbox.cc.pdb”中寻找)；正在链接对象，如同没有调试信息一样
     1>cef_sandbox.lib(sandbox.eat_resolver.obj) : warning LNK4099: 未找到 PDB“sandbox.cc.pdb”(使用“cef_sandbox.lib(sandbox.eat_resolver.obj)”或在“E:\Visual Studio Projects\盒子相关代码以及打包\CefMfcDemo\Release\sandbox.cc.pdb”中寻找)；正在链接对象，如同没有调试信息一样
     1>cef_sandbox.lib(sandbox.crosscall_server.obj) : warning LNK4099: 未找到 PDB“sandbox.cc.pdb”(使用“cef_sandbox.lib(sandbox.crosscall_server.obj)”或在“E:\Visual Studio Projects\盒子相关代码以及打包\CefMfcDemo\Release\sandbox.cc.pdb”中寻找)；正在链接对象，如同没有调试信息一样
     1>cef_sandbox.lib(sandbox.broker_services.obj) : warning LNK4099: 未找到 PDB“sandbox.cc.pdb”(使用“cef_sandbox.lib(sandbox.broker_services.obj)”或在“E:\Visual Studio Projects\盒子相关代码以及打包\CefMfcDemo\Release\sandbox.cc.pdb”中寻找)；正在链接对象，如同没有调试信息一样
     1>cef_sandbox.lib(sandbox.app_container.obj) : warning LNK4099: 未找到 PDB“sandbox.cc.pdb”(使用“cef_sandbox.lib(sandbox.app_container.obj)”或在“E:\Visual Studio Projects\盒子相关代码以及打包\CefMfcDemo\Release\sandbox.cc.pdb”中寻找)；正在链接对象，如同没有调试信息一样
     1>cef_sandbox.lib(sandbox.acl.obj) : warning LNK4099: 未找到 PDB“sandbox.cc.pdb”(使用“cef_sandbox.lib(sandbox.acl.obj)”或在“E:\Visual Studio Projects\盒子相关代码以及打包\CefMfcDemo\Release\sandbox.cc.pdb”中寻找)；正在链接对象，如同没有调试信息一样
     1>cef_sandbox.lib(cef_sandbox.sandbox_win.obj) : warning LNK4099: 未找到 PDB“cef_sandbox.cc.pdb”(使用“cef_sandbox.lib(cef_sandbox.sandbox_win.obj)”或在“E:\Visual Studio Projects\盒子相关代码以及打包\CefMfcDemo\Release\cef_sandbox.cc.pdb”中寻找)；正在链接对象，如同没有调试信息一样
         CefMfcDemo.vcxproj -> E:\Visual Studio Projects\盒子相关代码以及打包\CefMfcDemo\Release\CefMfcDemo.exe
     1>已完成生成项目“E:\Visual Studio Projects\盒子相关代码以及打包\CefMfcDemo\CefMfcDemo\CefMfcDemo.vcxproj”(Build 个目标)的操作。

生成成功。

已用时间 00:00:11.91
