生成启动时间为 2018/8/25 20:04:54。
     1>项目“E:\Github Projects\CEF3\CefMfcDemo\CefMfcDemo.vcxproj”在节点 2 上(Build 个目标)。
     1>ClCompile:
         D:\Visual Studio\VC\bin\CL.exe /c /ZI /nologo /W3 /WX- /Od /Oy- /D WIN32 /D _WINDOWS /D _DEBUG /D _UNICODE /D UNICODE /Gm /EHsc /RTC1 /MTd /GS /fp:precise /Zc:wchar_t /Zc:forScope /Fo"Debug\\" /Fd"Debug\vc120.pdb" /Gd /TP /analyze- /errorReport:prompt CefMfcDemo.cpp CefMfcDemoDlg.cpp ClientAppRender.cpp SimpleClient.cpp
         SimpleClient.cpp
         ClientAppRender.cpp
         CefMfcDemoDlg.cpp
         正在生成代码...
         正在跳过...(未检测到相关更改)
         CefMfcDemo.cpp
       Link:
         D:\Visual Studio\VC\bin\link.exe /ERRORREPORT:PROMPT /OUT:"E:\Github Projects\CEF3\Debug\CefMfcDemo.exe" /INCREMENTAL /NOLOGO libcef.lib libcef_dll_wrapper.lib /MANIFEST /MANIFESTUAC:"level='asInvoker' uiAccess='false'" /manifest:embed /manifestinput:"D:\Visual Studio\VC\Include\Manifest\dpiaware.manifest" /DEBUG /PDB:"E:\Github Projects\CEF3\Debug\CefMfcDemo.pdb" /SUBSYSTEM:WINDOWS /TLBID:1 /ENTRY:"wWinMainCRTStartup" /DYNAMICBASE /NXCOMPAT /IMPLIB:"E:\Github Projects\CEF3\Debug\CefMfcDemo.lib" /MACHINE:X86 Debug\CefMfcDemo.res
         Debug\CefMfcDemo.obj
         Debug\CefMfcDemoDlg.obj
         Debug\CEFV8HandlerEx.obj
         Debug\ClientAppRender.obj
         Debug\SimpleClient.obj
         Debug\stdafx.obj
         CefMfcDemo.vcxproj -> E:\Github Projects\CEF3\Debug\CefMfcDemo.exe
     1>已完成生成项目“E:\Github Projects\CEF3\CefMfcDemo\CefMfcDemo.vcxproj”(Build 个目标)的操作。

生成成功。

已用时间 00:00:07.86
